# JRE version: Java(TM) SE Runtime Environment (17.0.12+8) (build 17.0.12+8-LTS-286)
# Java VM: Java HotSpot(TM) 64-Bit Server VM (17.0.12+8-LTS-286, mixed mode, emulated-client, sharing, tiered, compressed oops, compressed class ptrs, g1 gc, windows-amd64)
GC Precious Log:
 CPUs: 16 total, 16 available
 Memory: 7971M
 Large Page Support: Disabled
 NUMA Support: Disabled
 Compressed Oops: Enabled (32-bit)
 Heap Region Size: 1M
 Heap Min Capacity: 8M
 Heap Initial Capacity: 126M
 Heap Max Capacity: 1994M
 Pre-touch: Disabled
 Parallel Workers: 13
 Concurrent Workers: 3
 Concurrent Refinement Workers: 13
 Periodic GC: Disabled
Heap:
 garbage-first heap   total 129024K, used 50075K [0x0000000083600000, 0x0000000100000000)
  region size 1024K, 1 young (1024K), 1 survivors (1024K)
 Metaspace       used 59964K, committed 60608K, reserved 1114112K
  class space    used 8346K, committed 8640K, reserved 1048576K
GC Heap History (20 events):
Event: 3.036 GC heap after
{Heap after GC invocations=10 (full 0):
 garbage-first heap   total 65536K, used 25275K [0x0000000083600000, 0x0000000100000000)
  region size 1024K, 4 young (4096K), 4 survivors (4096K)
 Metaspace       used 42823K, committed 43264K, reserved 1114112K
  class space    used 5876K, committed 6080K, reserved 1048576K
}
Event: 3.233 GC heap before
{Heap before GC invocations=10 (full 0):
 garbage-first heap   total 65536K, used 47803K [0x0000000083600000, 0x0000000100000000)
  region size 1024K, 27 young (27648K), 4 survivors (4096K)
 Metaspace       used 47722K, committed 48192K, reserved 1114112K
  class space    used 6538K, committed 6720K, reserved 1048576K
}
Event: 3.236 GC heap after
{Heap after GC invocations=11 (full 0):
 garbage-first heap   total 65536K, used 26530K [0x0000000083600000, 0x0000000100000000)
  region size 1024K, 4 young (4096K), 4 survivors (4096K)
 Metaspace       used 47722K, committed 48192K, reserved 1114112K
  class space    used 6538K, committed 6720K, reserved 1048576K
}
Event: 3.384 GC heap before
{Heap before GC invocations=11 (full 0):
 garbage-first heap   total 65536K, used 50082K [0x0000000083600000, 0x0000000100000000)
  region size 1024K, 27 young (27648K), 4 survivors (4096K)
 Metaspace       used 49070K, committed 49664K, reserved 1114112K
  class space    used 6780K, committed 7040K, reserved 1048576K
}
Event: 3.387 GC heap after
{Heap after GC invocations=12 (full 0):
 garbage-first heap   total 65536K, used 27341K [0x0000000083600000, 0x0000000100000000)
  region size 1024K, 3 young (3072K), 3 survivors (3072K)
 Metaspace       used 49070K, committed 49664K, reserved 1114112K
  class space    used 6780K, committed 7040K, reserved 1048576K
}
Event: 3.590 GC heap before
{Heap before GC invocations=12 (full 0):
 garbage-first heap   total 65536K, used 49869K [0x0000000083600000, 0x0000000100000000)
  region size 1024K, 26 young (26624K), 3 survivors (3072K)
 Metaspace       used 52709K, committed 53312K, reserved 1114112K
  class space    used 7331K, committed 7616K, reserved 1048576K
}
Event: 3.593 GC heap after
{Heap after GC invocations=13 (full 0):
 garbage-first heap   total 78848K, used 28723K [0x0000000083600000, 0x0000000100000000)
  region size 1024K, 4 young (4096K), 4 survivors (4096K)
 Metaspace       used 52709K, committed 53312K, reserved 1114112K
  class space    used 7331K, committed 7616K, reserved 1048576K
}
Event: 4.350 GC heap before
{Heap before GC invocations=13 (full 0):
 garbage-first heap   total 78848K, used 61491K [0x0000000083600000, 0x0000000100000000)
  region size 1024K, 36 young (36864K), 4 survivors (4096K)
 Metaspace       used 57264K, committed 57920K, reserved 1114112K
  class space    used 7944K, committed 8256K, reserved 1048576K
}
Event: 4.355 GC heap after
{Heap after GC invocations=14 (full 0):
 garbage-first heap   total 78848K, used 31472K [0x0000000083600000, 0x0000000100000000)
  region size 1024K, 5 young (5120K), 5 survivors (5120K)
 Metaspace       used 57264K, committed 57920K, reserved 1114112K
  class space    used 7944K, committed 8256K, reserved 1048576K
}
Event: 4.501 GC heap before
{Heap before GC invocations=14 (full 0):
 garbage-first heap   total 78848K, used 61168K [0x0000000083600000, 0x0000000100000000)
  region size 1024K, 34 young (34816K), 5 survivors (5120K)
 Metaspace       used 59199K, committed 59840K, reserved 1114112K
  class space    used 8233K, committed 8512K, reserved 1048576K
}
Event: 4.506 GC heap after
{Heap after GC invocations=15 (full 0):
 garbage-first heap   total 78848K, used 36705K [0x0000000083600000, 0x0000000100000000)
  region size 1024K, 5 young (5120K), 5 survivors (5120K)
 Metaspace       used 59199K, committed 59840K, reserved 1114112K
  class space    used 8233K, committed 8512K, reserved 1048576K
}
Event: 4.555 GC heap before
{Heap before GC invocations=15 (full 0):
 garbage-first heap   total 78848K, used 53089K [0x0000000083600000, 0x0000000100000000)
  region size 1024K, 22 young (22528K), 5 survivors (5120K)
 Metaspace       used 59827K, committed 60416K, reserved 1114112K
  class space    used 8308K, committed 8576K, reserved 1048576K
}
Event: 4.559 GC heap after
{Heap after GC invocations=16 (full 0):
 garbage-first heap   total 78848K, used 39366K [0x0000000083600000, 0x0000000100000000)
  region size 1024K, 3 young (3072K), 3 survivors (3072K)
 Metaspace       used 59827K, committed 60416K, reserved 1114112K
  class space    used 8308K, committed 8576K, reserved 1048576K
}
Event: 4.605 GC heap before
{Heap before GC invocations=17 (full 0):
 garbage-first heap   total 78848K, used 59846K [0x0000000083600000, 0x0000000100000000)
  region size 1024K, 23 young (23552K), 3 survivors (3072K)
 Metaspace       used 59964K, committed 60608K, reserved 1114112K
  class space    used 8346K, committed 8640K, reserved 1048576K
}
Event: 4.607 GC heap after
{Heap after GC invocations=18 (full 0):
 garbage-first heap   total 78848K, used 41313K [0x0000000083600000, 0x0000000100000000)
  region size 1024K, 3 young (3072K), 3 survivors (3072K)
 Metaspace       used 59964K, committed 60608K, reserved 1114112K
  class space    used 8346K, committed 8640K, reserved 1048576K
}
Event: 4.627 GC heap before
{Heap before GC invocations=18 (full 0):
 garbage-first heap   total 78848K, used 60769K [0x0000000083600000, 0x0000000100000000)
  region size 1024K, 22 young (22528K), 3 survivors (3072K)
 Metaspace       used 59964K, committed 60608K, reserved 1114112K
  class space    used 8346K, committed 8640K, reserved 1048576K
}
Event: 4.632 GC heap after
{Heap after GC invocations=19 (full 0):
 garbage-first heap   total 78848K, used 47269K [0x0000000083600000, 0x0000000100000000)
  region size 1024K, 3 young (3072K), 3 survivors (3072K)
 Metaspace       used 59964K, committed 60608K, reserved 1114112K
  class space    used 8346K, committed 8640K, reserved 1048576K
}
Event: 4.659 GC heap before
{Heap before GC invocations=20 (full 0):
 garbage-first heap   total 97280K, used 60581K [0x0000000083600000, 0x0000000100000000)
  region size 1024K, 17 young (17408K), 3 survivors (3072K)
 Metaspace       used 59964K, committed 60608K, reserved 1114112K
  class space    used 8346K, committed 8640K, reserved 1048576K
}
Event: 4.663 GC heap after
{Heap after GC invocations=21 (full 0):
 garbage-first heap   total 97280K, used 51343K [0x0000000083600000, 0x0000000100000000)
  region size 1024K, 3 young (3072K), 3 survivors (3072K)
 Metaspace       used 59964K, committed 60608K, reserved 1114112K
  class space    used 8346K, committed 8640K, reserved 1048576K
}
Event: 4.665 GC heap before
{Heap before GC invocations=21 (full 0):
 garbage-first heap   total 97280K, used 52367K [0x0000000083600000, 0x0000000100000000)
  region size 1024K, 4 young (4096K), 3 survivors (3072K)
 Metaspace       used 59964K, committed 60608K, reserved 1114112K
  class space    used 8346K, committed 8640K, reserved 1048576K
}

